Начало работы 2023-09-13 00:18:43.192992 
Имя функции extract_names 
Аргументы ('Усольцев Олег Валентинович  ',) и {} 
Значение ('Усольцев', 'Олег', 'Валентинович') 
Начало работы 2023-09-13 00:18:43.193149 
Имя функции format_phone 
Аргументы ('+7 (495) 913-04-78',) и {} 
Значение +7(495)913-04-78 
Начало работы 2023-09-13 00:18:43.192978 
Имя функции process_contact 
Аргументы (['Усольцев Олег Валентинович', '', '', 'ФНС', 'главный специалист – эксперт отдела взаимодействия с федеральными органами власти Управления налогообложения имущества и доходов физических лиц', '+7 (495) 913-04-78', 'opendata@nalog.ru'],) и {} 
Значение ('Усольцев', 'Олег', 'Валентинович', 'ФНС', 'главный специалист – эксперт отдела взаимодействия с федеральными органами власти Управления налогообложения имущества и доходов физических лиц', '+7(495)913-04-78', 'opendata@nalog.ru') 
Начало работы 2023-09-13 00:18:43.193363 
Имя функции extract_names 
Аргументы ('Мартиняхин Виталий Геннадьевич  ',) и {} 
Значение ('Мартиняхин', 'Виталий', 'Геннадьевич') 
Начало работы 2023-09-13 00:18:43.193392 
Имя функции format_phone 
Аргументы ('+74959130037',) и {} 
Значение +7(495)913-00-37 
Начало работы 2023-09-13 00:18:43.193350 
Имя функции process_contact 
Аргументы (['Мартиняхин Виталий Геннадьевич', '', '', 'ФНС', '', '+74959130037', ''],) и {} 
Значение ('Мартиняхин', 'Виталий', 'Геннадьевич', 'ФНС', '', '+7(495)913-00-37', '') 
Начало работы 2023-09-13 00:18:43.193441 
Имя функции extract_names 
Аргументы ('Наркаев Вячеслав Рифхатович ',) и {} 
Значение ('Наркаев', 'Вячеслав', 'Рифхатович') 
Начало работы 2023-09-13 00:18:43.193465 
Имя функции format_phone 
Аргументы ('8 495-913-0168',) и {} 
Значение +7(495)913-01-68 
Начало работы 2023-09-13 00:18:43.193429 
Имя функции process_contact 
Аргументы (['Наркаев', 'Вячеслав Рифхатович', '', 'ФНС', '', '8 495-913-0168', ''],) и {} 
Значение ('Наркаев', 'Вячеслав', 'Рифхатович', 'ФНС', '', '+7(495)913-01-68', '') 
Начало работы 2023-09-13 00:18:43.193512 
Имя функции extract_names 
Аргументы ('Мартиняхин Виталий Геннадьевич',) и {} 
Значение ('Мартиняхин', 'Виталий', 'Геннадьевич') 
Начало работы 2023-09-13 00:18:43.193535 
Имя функции format_phone 
Аргументы ('',) и {} 
Значение  
Начало работы 2023-09-13 00:18:43.193501 
Имя функции process_contact 
Аргументы (['Мартиняхин', 'Виталий', 'Геннадьевич', 'ФНС', 'cоветник отдела Интернет проектов Управления информационных технологий', '', '', ''],) и {} 
Значение ('Мартиняхин', 'Виталий', 'Геннадьевич', 'ФНС', 'cоветник отдела Интернет проектов Управления информационных технологий', '', '') 
Начало работы 2023-09-13 00:18:43.193580 
Имя функции extract_names 
Аргументы ('Лукина Ольга Владимировна  ',) и {} 
Значение ('Лукина', 'Ольга', 'Владимировна') 
Начало работы 2023-09-13 00:18:43.193613 
Имя функции format_phone 
Аргументы ('+7 (495) 983-36-99 доб. 2926',) и {} 
Значение +7(495)983-36-99 доб.2926 
Начало работы 2023-09-13 00:18:43.193568 
Имя функции process_contact 
Аргументы (['Лукина Ольга Владимировна', '', '', 'Минфин', '', '+7 (495) 983-36-99 доб. 2926', 'Olga.Lukina@minfin.ru'],) и {} 
Значение ('Лукина', 'Ольга', 'Владимировна', 'Минфин', '', '+7(495)983-36-99 доб.2926', 'Olga.Lukina@minfin.ru') 
Начало работы 2023-09-13 00:18:43.193657 
Имя функции extract_names 
Аргументы ('Паньшин Алексей Владимирович  ',) и {} 
Значение ('Паньшин', 'Алексей', 'Владимирович') 
Начало работы 2023-09-13 00:18:43.193677 
Имя функции format_phone 
Аргументы ('8(495)748-49-73',) и {} 
Значение +7(495)748-49-73 
Начало работы 2023-09-13 00:18:43.193646 
Имя функции process_contact 
Аргументы (['Паньшин Алексей Владимирович', '', '', 'Минфин', '', '8(495)748-49-73', '1248@minfin.ru'],) и {} 
Значение ('Паньшин', 'Алексей', 'Владимирович', 'Минфин', '', '+7(495)748-49-73', '1248@minfin.ru') 
Начало работы 2023-09-13 00:18:43.193717 
Имя функции extract_names 
Аргументы ('Лагунцов Иван Алексеевич  ',) и {} 
Значение ('Лагунцов', 'Иван', 'Алексеевич') 
Начало работы 2023-09-13 00:18:43.193736 
Имя функции format_phone 
Аргументы ('+7 (495) 913-11-11 (доб. 0792)',) и {} 
Значение +7(495)913-11-11 доб.0792 
Начало работы 2023-09-13 00:18:43.193705 
Имя функции process_contact 
Аргументы (['Лагунцов Иван Алексеевич', '', '', 'Минфин', '', '+7 (495) 913-11-11 (доб. 0792)', ''],) и {} 
Значение ('Лагунцов', 'Иван', 'Алексеевич', 'Минфин', '', '+7(495)913-11-11 доб.0792', '') 
Начало работы 2023-09-13 00:18:43.193778 
Имя функции extract_names 
Аргументы ('Лагунцов Иван  ',) и {} 
Значение ('Лагунцов', 'Иван', '') 
Начало работы 2023-09-13 00:18:43.193798 
Имя функции format_phone 
Аргументы ('',) и {} 
Значение  
Начало работы 2023-09-13 00:18:43.193766 
Имя функции process_contact 
Аргументы (['Лагунцов Иван', '', '', '', '', '', 'Ivan.Laguntcov@minfin.ru'],) и {} 
Значение ('Лагунцов', 'Иван', '', '', '', '', 'Ivan.Laguntcov@minfin.ru') 
Начало работы 2023-09-13 00:18:43.192910 
Имя функции process_csv 
Аргументы ('phonebook_raw.csv', 'phonebook.csv') и {} 
Значение [['lastname', 'firstname', 'surname', 'organization', 'position', 'phone', 'email'], ['Усольцев', 'Олег', 'Валентинович', 'ФНС', 'главный специалист – эксперт отдела взаимодействия с федеральными органами власти Управления налогообложения имущества и доходов физических лиц', '+7(495)913-04-78', 'opendata@nalog.ru'], ['Мартиняхин', 'Виталий', 'Геннадьевич', 'ФНС', 'cоветник отдела Интернет проектов Управления информационных технологий', '+7(495)913-00-37', ''], ['Наркаев', 'Вячеслав', 'Рифхатович', 'ФНС', '', '+7(495)913-01-68', ''], ['Лукина', 'Ольга', 'Владимировна', 'Минфин', '', '+7(495)983-36-99 доб.2926', 'Olga.Lukina@minfin.ru'], ['Паньшин', 'Алексей', 'Владимирович', 'Минфин', '', '+7(495)748-49-73', '1248@minfin.ru'], ['Лагунцов', 'Иван', 'Алексеевич', 'Минфин', '', '+7(495)913-11-11 доб.0792', '']] 
