Начало работы 2023-09-13 00:18:38.536760 
Имя функции hello_world 
Аргументы () и {} 
Значение Hello World 
Начало работы 2023-09-13 00:18:38.536829 
Имя функции summator 
Аргументы (2, 2) и {} 
Значение 4 
Начало работы 2023-09-13 00:18:38.536868 
Имя функции div 
Аргументы (6, 2) и {} 
Значение 3.0 
Начало работы 2023-09-13 00:18:38.536912 
Имя функции summator 
Аргументы (4.3,) и {'b': 2.2} 
Значение 6.5 
Начало работы 2023-09-13 00:18:38.536949 
Имя функции summator 
Аргументы () и {'a': 0, 'b': 0} 
Значение 0 
